[debug] [2020-06-21T21:48:03.929Z] ----------------------------------------------------------------------
[debug] [2020-06-21T21:48:03.932Z] Command:       C:\Program Files\nodejs\node.exe C:\Users\neria\AppData\Roaming\npm\node_modules\firebase-tools\lib\bin\firebase.js init
[debug] [2020-06-21T21:48:03.932Z] CLI Version:   7.14.0
[debug] [2020-06-21T21:48:03.932Z] Platform:      win32
[debug] [2020-06-21T21:48:03.932Z] Node Version:  v12.16.1
[debug] [2020-06-21T21:48:03.934Z] Time:          Sun Jun 21 2020 18:48:03 GMT-0300 (GMT-03:00)
[debug] [2020-06-21T21:48:03.935Z] ----------------------------------------------------------------------
[debug] [2020-06-21T21:48:03.935Z] 
[debug] [2020-06-21T21:48:03.949Z] > command requires scopes: ["email","openid","https://www.googleapis.com/auth/cloudplatformprojects.readonly","https://www.googleapis.com/auth/firebase","https://www.googleapis.com/auth/cloud-platform"]
[debug] [2020-06-21T21:48:03.949Z] > authorizing via signed-in user
[info] 
     ######## #### ########  ######## ########     ###     ######  ########
     ##        ##  ##     ## ##       ##     ##  ##   ##  ##       ##
     ######    ##  ########  ######   ########  #########  ######  ######
     ##        ##  ##    ##  ##       ##     ## ##     ##       ## ##
     ##       #### ##     ## ######## ########  ##     ##  ######  ########

You're about to initialize a Firebase project in this directory:

  C:\Proyectos\ng-soynerin

Before we get started, keep in mind:

  * You are currently outside your home directory

[info] 
=== Project Setup
[info] 
[info] First, let's associate this project directory with a Firebase project.
[info] You can create multiple project aliases by running firebase use --add, 
[info] but for now we'll just set up a default project.
[info] 
[debug] [2020-06-21T21:48:15.131Z] > refreshing access token with scopes: ["email","https://www.googleapis.com/auth/cloud-platform","https://www.googleapis.com/auth/cloudplatformprojects.readonly","https://www.googleapis.com/auth/firebase","openid"]
[debug] [2020-06-21T21:48:15.131Z] >>> HTTP REQUEST POST https://www.googleapis.com/oauth2/v3/token  
 <request body omitted>
[debug] [2020-06-21T21:48:15.354Z] <<< HTTP RESPONSE 200
[debug] [2020-06-21T21:48:15.368Z] >>> HTTP REQUEST GET https://firebase.googleapis.com/v1beta1/projects?pageSize=100  
 
[debug] [2020-06-21T21:48:16.263Z] <<< HTTP RESPONSE 200
[info] i  Using project yosoynerin (soynerin)
[info] 
=== Hosting Setup
[info] 
[info] Your public directory is the folder (relative to your project directory) that
[info] will contain Hosting assets to be uploaded with firebase deploy. If you
[info] have a build process for your assets, use your build's output directory.
[info] 
